     1 00000000                                 [FORMAT "WCOFF"]
     2 00000000                                 [INSTRSET "i486p"]
     3 00000000                                 [OPTIMIZE 1]
     4 00000000                                 [OPTION 1]
     5 00000000                                 [BITS 32]
     6 00000000                                 	EXTERN	_io_out8
     7 00000000                                 	EXTERN	_kernel_timer_manager
     8 00000000                                 	EXTERN	_msg_queue
     9 00000000                                 	EXTERN	_queue16_put
    10 00000000                                 [FILE "int.c"]
    11                                          [SECTION .text]
    12 00000000                                 	GLOBAL	_init_pic
    13 00000000                                 _init_pic:
    14 00000000 55                              	PUSH	EBP
    15 00000001 89 E5                           	MOV	EBP,ESP
    16 00000003 68 000000FF                     	PUSH	255
    17 00000008 6A 21                           	PUSH	33
    18 0000000A E8 [00000000]                   	CALL	_io_out8
    19 0000000F 68 000000FF                     	PUSH	255
    20 00000014 68 000000A1                     	PUSH	161
    21 00000019 E8 [00000000]                   	CALL	_io_out8
    22 0000001E 6A 11                           	PUSH	17
    23 00000020 6A 20                           	PUSH	32
    24 00000022 E8 [00000000]                   	CALL	_io_out8
    25 00000027 6A 20                           	PUSH	32
    26 00000029 6A 21                           	PUSH	33
    27 0000002B E8 [00000000]                   	CALL	_io_out8
    28 00000030 83 C4 20                        	ADD	ESP,32
    29 00000033 6A 04                           	PUSH	4
    30 00000035 6A 21                           	PUSH	33
    31 00000037 E8 [00000000]                   	CALL	_io_out8
    32 0000003C 6A 01                           	PUSH	1
    33 0000003E 6A 21                           	PUSH	33
    34 00000040 E8 [00000000]                   	CALL	_io_out8
    35 00000045 6A 11                           	PUSH	17
    36 00000047 68 000000A0                     	PUSH	160
    37 0000004C E8 [00000000]                   	CALL	_io_out8
    38 00000051 6A 28                           	PUSH	40
    39 00000053 68 000000A1                     	PUSH	161
    40 00000058 E8 [00000000]                   	CALL	_io_out8
    41 0000005D 83 C4 20                        	ADD	ESP,32
    42 00000060 6A 02                           	PUSH	2
    43 00000062 68 000000A1                     	PUSH	161
    44 00000067 E8 [00000000]                   	CALL	_io_out8
    45 0000006C 6A 01                           	PUSH	1
    46 0000006E 68 000000A1                     	PUSH	161
    47 00000073 E8 [00000000]                   	CALL	_io_out8
    48 00000078 68 000000FB                     	PUSH	251
    49 0000007D 6A 21                           	PUSH	33
    50 0000007F E8 [00000000]                   	CALL	_io_out8
    51 00000084 68 000000FF                     	PUSH	255
    52 00000089 68 000000A1                     	PUSH	161
    53 0000008E E8 [00000000]                   	CALL	_io_out8
    54 00000093 C9                              	LEAVE
    55 00000094 C3                              	RET
    56 00000095                                 	GLOBAL	_init_pit
    57 00000095                                 _init_pit:
    58 00000095 55                              	PUSH	EBP
    59 00000096 89 E5                           	MOV	EBP,ESP
    60 00000098 6A 34                           	PUSH	52
    61 0000009A 6A 43                           	PUSH	67
    62 0000009C E8 [00000000]                   	CALL	_io_out8
    63 000000A1 68 0000009C                     	PUSH	156
    64 000000A6 6A 40                           	PUSH	64
    65 000000A8 E8 [00000000]                   	CALL	_io_out8
    66 000000AD 6A 2E                           	PUSH	46
    67 000000AF 6A 40                           	PUSH	64
    68 000000B1 E8 [00000000]                   	CALL	_io_out8
    69 000000B6 C9                              	LEAVE
    70 000000B7 C3                              	RET
    71 000000B8                                 	GLOBAL	_inthandler20
    72 000000B8                                 _inthandler20:
    73 000000B8 55                              	PUSH	EBP
    74 000000B9 89 E5                           	MOV	EBP,ESP
    75 000000BB 6A 60                           	PUSH	96
    76 000000BD 6A 20                           	PUSH	32
    77 000000BF E8 [00000000]                   	CALL	_io_out8
    78 000000C4 8B 15 [00000000]                	MOV	EDX,DWORD [_kernel_timer_manager]
    79 000000CA 59                              	POP	ECX
    80 000000CB FF 05 [00000000]                	INC	DWORD [_time]
    81 000000D1 58                              	POP	EAX
    82 000000D2 85 D2                           	TEST	EDX,EDX
    83 000000D4 74 24                           	JE	L3
    84 000000D6 8B 42 04                        	MOV	EAX,DWORD [4+EDX]
    85 000000D9 FF 40 0C                        	INC	DWORD [12+EAX]
    86 000000DC 8B 02                           	MOV	EAX,DWORD [EDX]
    87 000000DE 8B 50 0C                        	MOV	EDX,DWORD [12+EAX]
    88 000000E1 39 15 [00000000]                	CMP	DWORD [_time],EDX
    89 000000E7 78 11                           	JS	L3
    90 000000E9 68 00000200                     	PUSH	512
    91 000000EE 68 [00000000]                   	PUSH	_msg_queue
    92 000000F3 E8 [00000000]                   	CALL	_queue16_put
    93 000000F8 58                              	POP	EAX
    94 000000F9 5A                              	POP	EDX
    95 000000FA                                 L3:
    96 000000FA C9                              	LEAVE
    97 000000FB C3                              	RET
    98 000000FC                                 	GLOBAL	_get_systime
    99 000000FC                                 _get_systime:
   100 000000FC 55                              	PUSH	EBP
   101 000000FD A1 [00000000]                   	MOV	EAX,DWORD [_time]
   102 00000102 89 E5                           	MOV	EBP,ESP
   103 00000104 5D                              	POP	EBP
   104 00000105 C3                              	RET
   105                                          [SECTION .data]
   106 00000000                                 	ALIGNB	4
   107 00000000                                 _time:
   108 00000000 00 00 00 00                     	RESB	4
